{"/home/rako/work/middleware/tool/tac/packages/tvd/src/main.js":{"path":"/home/rako/work/middleware/tool/tac/packages/tvd/src/main.js","s":{"1":37,"2":37,"3":37,"4":37,"5":37,"6":37,"7":1,"8":4,"9":1,"10":35,"11":3,"12":3,"13":1,"14":2,"15":1,"16":1,"17":3,"18":3,"19":35,"20":35,"21":35,"22":35,"23":35,"24":1,"25":35,"26":1,"27":35,"28":5,"29":4,"30":5,"31":5,"32":5,"33":1,"34":1,"35":1,"36":4,"37":1,"38":3,"39":1,"40":1,"41":2,"42":1,"43":2,"44":1,"45":1,"46":2,"47":1,"48":5,"49":35,"50":35,"51":2,"52":2,"53":35,"54":1,"55":35,"56":2,"57":35,"58":1,"59":1,"60":35,"61":1,"62":35,"63":1,"64":35,"65":4,"66":35,"67":35,"68":35,"69":35,"70":35,"71":1,"72":35,"73":1,"74":35,"75":35,"76":2,"77":2,"78":1,"79":35,"80":2,"81":2,"82":1,"83":35,"84":2,"85":2,"86":1,"87":35,"88":3,"89":3,"90":2,"91":35,"92":3,"93":3,"94":2,"95":35,"96":1,"97":35,"98":1,"99":35,"100":35,"101":35,"102":4,"103":35,"104":35,"105":35,"106":35,"107":35,"108":35,"109":35,"110":35,"111":35,"112":35,"113":35,"114":35,"115":35,"116":35,"117":35,"118":35,"119":35,"120":1,"121":35,"122":1,"123":35,"124":35,"125":35,"126":7,"127":35,"128":35,"129":35,"130":35,"131":35,"132":35,"133":35,"134":35,"135":35,"136":35,"137":35,"138":35,"139":35,"140":35,"141":35,"142":35,"143":1,"144":35,"145":1,"146":35,"147":35,"148":35,"149":35,"150":35,"151":35,"152":35,"153":35,"154":35,"155":35,"156":35,"157":35,"158":35,"159":35,"160":35,"161":8,"162":35,"163":5,"164":5,"165":4,"166":35,"167":8,"168":8,"169":6,"170":6,"171":5,"172":3,"173":1,"174":8,"175":35,"176":1,"177":35,"178":2,"179":35,"180":37,"181":37,"182":37,"183":37,"184":37,"185":1,"186":37,"187":1,"188":3,"189":1,"190":37,"191":37,"192":36,"193":1,"194":1,"195":37,"196":37,"197":37,"198":37,"199":37,"200":1,"201":1,"202":36,"203":36,"204":1,"205":1,"206":35,"207":35,"208":35,"209":35,"210":35,"211":37,"212":35,"213":35,"214":35,"215":35,"216":35,"217":35,"218":35,"219":35,"220":37},"b":{"1":[1,2],"2":[1,1],"3":[4,1],"4":[1,4],"5":[1,3],"6":[1,2],"7":[1,1],"8":[1,1],"9":[1,1],"10":[1,1],"11":[1,1],"12":[2,1],"13":[2,1],"14":[4,1],"15":[3,2],"16":[5,4,1,4],"17":[37,37],"18":[2,1],"19":[36,1],"20":[1,36],"21":[1,35]},"f":{"1":4,"2":35,"3":3,"4":1,"5":35,"6":5,"7":1,"8":2,"9":1,"10":1,"11":2,"12":1,"13":2,"14":1,"15":1,"16":35,"17":4,"18":1,"19":35,"20":2,"21":2,"22":2,"23":3,"24":3,"25":1,"26":35,"27":4,"28":1,"29":35,"30":7,"31":1,"32":35,"33":8,"34":5,"35":8,"36":6,"37":1,"38":2,"39":37,"40":37,"41":3,"42":37,"43":1,"44":37,"45":35},"fnMap":{"1":{"name":"getInstanceID","line":11,"loc":{"start":{"line":11,"column":0},"end":{"line":11,"column":29}}},"2":{"name":"createTunerAPI","line":15,"loc":{"start":{"line":15,"column":0},"end":{"line":15,"column":39}}},"3":{"name":"(anonymous_3)","line":16,"loc":{"start":{"line":16,"column":23},"end":{"line":16,"column":58}}},"4":{"name":"(anonymous_4)","line":37,"loc":{"start":{"line":37,"column":18},"end":{"line":37,"column":29}}},"5":{"name":"createMiddlewareAPI","line":52,"loc":{"start":{"line":52,"column":0},"end":{"line":52,"column":50}}},"6":{"name":"(anonymous_6)","line":53,"loc":{"start":{"line":53,"column":24},"end":{"line":53,"column":38}}},"7":{"name":"(anonymous_7)","line":66,"loc":{"start":{"line":66,"column":45},"end":{"line":66,"column":56}}},"8":{"name":"(anonymous_8)","line":70,"loc":{"start":{"line":70,"column":26},"end":{"line":70,"column":42}}},"9":{"name":"(anonymous_9)","line":81,"loc":{"start":{"line":81,"column":26},"end":{"line":81,"column":37}}},"10":{"name":"(anonymous_10)","line":84,"loc":{"start":{"line":84,"column":39},"end":{"line":84,"column":50}}},"11":{"name":"(anonymous_11)","line":92,"loc":{"start":{"line":92,"column":25},"end":{"line":92,"column":38}}},"12":{"name":"(anonymous_12)","line":97,"loc":{"start":{"line":97,"column":28},"end":{"line":97,"column":39}}},"13":{"name":"(anonymous_13)","line":101,"loc":{"start":{"line":101,"column":28},"end":{"line":101,"column":41}}},"14":{"name":"(anonymous_14)","line":105,"loc":{"start":{"line":105,"column":23},"end":{"line":105,"column":41}}},"15":{"name":"(anonymous_15)","line":110,"loc":{"start":{"line":110,"column":18},"end":{"line":110,"column":29}}},"16":{"name":"createDBAPI","line":126,"loc":{"start":{"line":126,"column":0},"end":{"line":126,"column":31}}},"17":{"name":"(anonymous_17)","line":127,"loc":{"start":{"line":127,"column":11},"end":{"line":127,"column":22}}},"18":{"name":"(anonymous_18)","line":135,"loc":{"start":{"line":135,"column":18},"end":{"line":135,"column":29}}},"19":{"name":"createChannelAPI","line":150,"loc":{"start":{"line":150,"column":0},"end":{"line":150,"column":32}}},"20":{"name":"(anonymous_20)","line":153,"loc":{"start":{"line":153,"column":12},"end":{"line":153,"column":29}}},"21":{"name":"(anonymous_21)","line":173,"loc":{"start":{"line":173,"column":23},"end":{"line":173,"column":40}}},"22":{"name":"(anonymous_22)","line":180,"loc":{"start":{"line":180,"column":22},"end":{"line":180,"column":39}}},"23":{"name":"(anonymous_23)","line":187,"loc":{"start":{"line":187,"column":16},"end":{"line":187,"column":33}}},"24":{"name":"(anonymous_24)","line":194,"loc":{"start":{"line":194,"column":24},"end":{"line":194,"column":54}}},"25":{"name":"(anonymous_25)","line":201,"loc":{"start":{"line":201,"column":18},"end":{"line":201,"column":29}}},"26":{"name":"createSessionAPI","line":218,"loc":{"start":{"line":218,"column":0},"end":{"line":218,"column":37}}},"27":{"name":"(anonymous_27)","line":223,"loc":{"start":{"line":223,"column":16},"end":{"line":223,"column":27}}},"28":{"name":"(anonymous_28)","line":247,"loc":{"start":{"line":247,"column":18},"end":{"line":247,"column":29}}},"29":{"name":"createPlayerAPI","line":274,"loc":{"start":{"line":274,"column":0},"end":{"line":274,"column":36}}},"30":{"name":"(anonymous_30)","line":279,"loc":{"start":{"line":279,"column":15},"end":{"line":279,"column":26}}},"31":{"name":"(anonymous_31)","line":299,"loc":{"start":{"line":299,"column":18},"end":{"line":299,"column":29}}},"32":{"name":"createAPIs","line":328,"loc":{"start":{"line":328,"column":0},"end":{"line":328,"column":33}}},"33":{"name":"(anonymous_33)","line":348,"loc":{"start":{"line":348,"column":24},"end":{"line":348,"column":38}}},"34":{"name":"(anonymous_34)","line":352,"loc":{"start":{"line":352,"column":27},"end":{"line":352,"column":41}}},"35":{"name":"(anonymous_35)","line":359,"loc":{"start":{"line":359,"column":16},"end":{"line":359,"column":31}}},"36":{"name":"(anonymous_36)","line":361,"loc":{"start":{"line":361,"column":26},"end":{"line":361,"column":38}}},"37":{"name":"(anonymous_37)","line":374,"loc":{"start":{"line":374,"column":20},"end":{"line":374,"column":31}}},"38":{"name":"(anonymous_38)","line":378,"loc":{"start":{"line":378,"column":18},"end":{"line":378,"column":29}}},"39":{"name":"(anonymous_39)","line":391,"loc":{"start":{"line":391,"column":17},"end":{"line":391,"column":35}}},"40":{"name":"getCfg","line":397,"loc":{"start":{"line":397,"column":1},"end":{"line":397,"column":38}}},"41":{"name":"getLogo","line":408,"loc":{"start":{"line":408,"column":1},"end":{"line":408,"column":24}}},"42":{"name":"onScreenActiveChanged","line":412,"loc":{"start":{"line":412,"column":1},"end":{"line":412,"column":44}}},"43":{"name":"convertConfig","line":419,"loc":{"start":{"line":419,"column":1},"end":{"line":419,"column":35}}},"44":{"name":"(anonymous_44)","line":423,"loc":{"start":{"line":423,"column":16},"end":{"line":423,"column":29}}},"45":{"name":"(anonymous_45)","line":456,"loc":{"start":{"line":456,"column":15},"end":{"line":456,"column":36}}}},"statementMap":{"1":{"start":{"line":3,"column":0},"end":{"line":3,"column":27}},"2":{"start":{"line":4,"column":0},"end":{"line":4,"column":31}},"3":{"start":{"line":5,"column":0},"end":{"line":5,"column":31}},"4":{"start":{"line":6,"column":0},"end":{"line":6,"column":33}},"5":{"start":{"line":7,"column":0},"end":{"line":7,"column":27}},"6":{"start":{"line":9,"column":0},"end":{"line":9,"column":49}},"7":{"start":{"line":11,"column":0},"end":{"line":13,"column":1}},"8":{"start":{"line":12,"column":1},"end":{"line":12,"column":27}},"9":{"start":{"line":15,"column":0},"end":{"line":50,"column":1}},"10":{"start":{"line":16,"column":1},"end":{"line":31,"column":4}},"11":{"start":{"line":17,"column":2},"end":{"line":19,"column":4}},"12":{"start":{"line":21,"column":2},"end":{"line":27,"column":3}},"13":{"start":{"line":22,"column":3},"end":{"line":22,"column":26}},"14":{"start":{"line":24,"column":7},"end":{"line":27,"column":3}},"15":{"start":{"line":25,"column":3},"end":{"line":25,"column":25}},"16":{"start":{"line":26,"column":3},"end":{"line":26,"column":31}},"17":{"start":{"line":29,"column":2},"end":{"line":29,"column":52}},"18":{"start":{"line":30,"column":2},"end":{"line":30,"column":32}},"19":{"start":{"line":33,"column":1},"end":{"line":33,"column":15}},"20":{"start":{"line":34,"column":1},"end":{"line":34,"column":44}},"21":{"start":{"line":35,"column":1},"end":{"line":35,"column":42}},"22":{"start":{"line":36,"column":1},"end":{"line":36,"column":44}},"23":{"start":{"line":37,"column":1},"end":{"line":47,"column":3}},"24":{"start":{"line":38,"column":2},"end":{"line":46,"column":4}},"25":{"start":{"line":49,"column":1},"end":{"line":49,"column":28}},"26":{"start":{"line":52,"column":0},"end":{"line":124,"column":1}},"27":{"start":{"line":53,"column":1},"end":{"line":88,"column":4}},"28":{"start":{"line":54,"column":2},"end":{"line":56,"column":3}},"29":{"start":{"line":55,"column":3},"end":{"line":55,"column":57}},"30":{"start":{"line":58,"column":2},"end":{"line":58,"column":33}},"31":{"start":{"line":59,"column":2},"end":{"line":59,"column":17}},"32":{"start":{"line":60,"column":2},"end":{"line":85,"column":3}},"33":{"start":{"line":61,"column":3},"end":{"line":61,"column":66}},"34":{"start":{"line":62,"column":3},"end":{"line":62,"column":24}},"35":{"start":{"line":63,"column":3},"end":{"line":63,"column":23}},"36":{"start":{"line":65,"column":7},"end":{"line":85,"column":3}},"37":{"start":{"line":66,"column":3},"end":{"line":66,"column":61}},"38":{"start":{"line":68,"column":7},"end":{"line":85,"column":3}},"39":{"start":{"line":69,"column":3},"end":{"line":69,"column":19}},"40":{"start":{"line":70,"column":3},"end":{"line":75,"column":6}},"41":{"start":{"line":71,"column":4},"end":{"line":73,"column":5}},"42":{"start":{"line":72,"column":5},"end":{"line":72,"column":19}},"43":{"start":{"line":74,"column":4},"end":{"line":74,"column":20}},"44":{"start":{"line":77,"column":3},"end":{"line":80,"column":5}},"45":{"start":{"line":81,"column":3},"end":{"line":81,"column":42}},"46":{"start":{"line":83,"column":7},"end":{"line":85,"column":3}},"47":{"start":{"line":84,"column":3},"end":{"line":84,"column":55}},"48":{"start":{"line":87,"column":2},"end":{"line":87,"column":31}},"49":{"start":{"line":90,"column":1},"end":{"line":90,"column":15}},"50":{"start":{"line":92,"column":1},"end":{"line":95,"column":3}},"51":{"start":{"line":93,"column":2},"end":{"line":93,"column":27}},"52":{"start":{"line":94,"column":2},"end":{"line":94,"column":23}},"53":{"start":{"line":97,"column":1},"end":{"line":99,"column":3}},"54":{"start":{"line":98,"column":2},"end":{"line":98,"column":25}},"55":{"start":{"line":101,"column":1},"end":{"line":103,"column":3}},"56":{"start":{"line":102,"column":2},"end":{"line":102,"column":30}},"57":{"start":{"line":105,"column":1},"end":{"line":108,"column":3}},"58":{"start":{"line":106,"column":2},"end":{"line":106,"column":59}},"59":{"start":{"line":107,"column":2},"end":{"line":107,"column":28}},"60":{"start":{"line":110,"column":1},"end":{"line":121,"column":3}},"61":{"start":{"line":111,"column":2},"end":{"line":120,"column":4}},"62":{"start":{"line":123,"column":1},"end":{"line":123,"column":28}},"63":{"start":{"line":126,"column":0},"end":{"line":148,"column":1}},"64":{"start":{"line":127,"column":1},"end":{"line":129,"column":3}},"65":{"start":{"line":128,"column":2},"end":{"line":128,"column":30}},"66":{"start":{"line":131,"column":1},"end":{"line":131,"column":15}},"67":{"start":{"line":132,"column":1},"end":{"line":132,"column":32}},"68":{"start":{"line":133,"column":1},"end":{"line":133,"column":34}},"69":{"start":{"line":134,"column":1},"end":{"line":134,"column":34}},"70":{"start":{"line":135,"column":1},"end":{"line":145,"column":3}},"71":{"start":{"line":136,"column":2},"end":{"line":144,"column":4}},"72":{"start":{"line":147,"column":1},"end":{"line":147,"column":28}},"73":{"start":{"line":150,"column":0},"end":{"line":216,"column":1}},"74":{"start":{"line":151,"column":1},"end":{"line":151,"column":15}},"75":{"start":{"line":153,"column":1},"end":{"line":171,"column":3}},"76":{"start":{"line":154,"column":2},"end":{"line":154,"column":26}},"77":{"start":{"line":155,"column":2},"end":{"line":170,"column":3}},"78":{"start":{"line":156,"column":3},"end":{"line":169,"column":5}},"79":{"start":{"line":173,"column":1},"end":{"line":178,"column":3}},"80":{"start":{"line":174,"column":2},"end":{"line":174,"column":26}},"81":{"start":{"line":175,"column":2},"end":{"line":177,"column":3}},"82":{"start":{"line":176,"column":3},"end":{"line":176,"column":23}},"83":{"start":{"line":180,"column":1},"end":{"line":185,"column":3}},"84":{"start":{"line":181,"column":2},"end":{"line":181,"column":26}},"85":{"start":{"line":182,"column":2},"end":{"line":184,"column":3}},"86":{"start":{"line":183,"column":3},"end":{"line":183,"column":29}},"87":{"start":{"line":187,"column":1},"end":{"line":192,"column":3}},"88":{"start":{"line":188,"column":2},"end":{"line":188,"column":26}},"89":{"start":{"line":189,"column":2},"end":{"line":191,"column":3}},"90":{"start":{"line":190,"column":3},"end":{"line":190,"column":23}},"91":{"start":{"line":194,"column":1},"end":{"line":199,"column":3}},"92":{"start":{"line":195,"column":2},"end":{"line":195,"column":26}},"93":{"start":{"line":196,"column":2},"end":{"line":198,"column":3}},"94":{"start":{"line":197,"column":3},"end":{"line":197,"column":44}},"95":{"start":{"line":201,"column":1},"end":{"line":213,"column":3}},"96":{"start":{"line":202,"column":2},"end":{"line":212,"column":4}},"97":{"start":{"line":215,"column":1},"end":{"line":215,"column":28}},"98":{"start":{"line":218,"column":0},"end":{"line":272,"column":1}},"99":{"start":{"line":219,"column":1},"end":{"line":219,"column":29}},"100":{"start":{"line":220,"column":1},"end":{"line":220,"column":17}},"101":{"start":{"line":223,"column":1},"end":{"line":225,"column":3}},"102":{"start":{"line":224,"column":2},"end":{"line":224,"column":30}},"103":{"start":{"line":227,"column":1},"end":{"line":227,"column":15}},"104":{"start":{"line":228,"column":1},"end":{"line":228,"column":51}},"105":{"start":{"line":229,"column":1},"end":{"line":229,"column":57}},"106":{"start":{"line":231,"column":1},"end":{"line":231,"column":49}},"107":{"start":{"line":232,"column":1},"end":{"line":232,"column":50}},"108":{"start":{"line":233,"column":1},"end":{"line":233,"column":51}},"109":{"start":{"line":235,"column":1},"end":{"line":235,"column":73}},"110":{"start":{"line":236,"column":1},"end":{"line":236,"column":73}},"111":{"start":{"line":238,"column":1},"end":{"line":238,"column":54}},"112":{"start":{"line":239,"column":1},"end":{"line":239,"column":62}},"113":{"start":{"line":240,"column":1},"end":{"line":240,"column":64}},"114":{"start":{"line":241,"column":1},"end":{"line":241,"column":72}},"115":{"start":{"line":242,"column":1},"end":{"line":242,"column":58}},"116":{"start":{"line":243,"column":1},"end":{"line":243,"column":66}},"117":{"start":{"line":244,"column":1},"end":{"line":244,"column":54}},"118":{"start":{"line":245,"column":1},"end":{"line":245,"column":58}},"119":{"start":{"line":247,"column":1},"end":{"line":269,"column":3}},"120":{"start":{"line":248,"column":2},"end":{"line":268,"column":4}},"121":{"start":{"line":271,"column":1},"end":{"line":271,"column":28}},"122":{"start":{"line":274,"column":0},"end":{"line":325,"column":1}},"123":{"start":{"line":275,"column":1},"end":{"line":275,"column":34}},"124":{"start":{"line":276,"column":1},"end":{"line":276,"column":16}},"125":{"start":{"line":279,"column":1},"end":{"line":281,"column":3}},"126":{"start":{"line":280,"column":2},"end":{"line":280,"column":30}},"127":{"start":{"line":283,"column":1},"end":{"line":283,"column":15}},"128":{"start":{"line":284,"column":1},"end":{"line":284,"column":44}},"129":{"start":{"line":285,"column":1},"end":{"line":285,"column":52}},"130":{"start":{"line":286,"column":1},"end":{"line":286,"column":66}},"131":{"start":{"line":287,"column":1},"end":{"line":287,"column":42}},"132":{"start":{"line":288,"column":1},"end":{"line":288,"column":42}},"133":{"start":{"line":289,"column":1},"end":{"line":289,"column":52}},"134":{"start":{"line":290,"column":1},"end":{"line":290,"column":54}},"135":{"start":{"line":291,"column":1},"end":{"line":291,"column":50}},"136":{"start":{"line":292,"column":1},"end":{"line":292,"column":48}},"137":{"start":{"line":293,"column":1},"end":{"line":293,"column":48}},"138":{"start":{"line":294,"column":1},"end":{"line":294,"column":48}},"139":{"start":{"line":295,"column":1},"end":{"line":295,"column":48}},"140":{"start":{"line":296,"column":1},"end":{"line":296,"column":54}},"141":{"start":{"line":297,"column":1},"end":{"line":297,"column":54}},"142":{"start":{"line":299,"column":1},"end":{"line":322,"column":3}},"143":{"start":{"line":300,"column":2},"end":{"line":321,"column":4}},"144":{"start":{"line":324,"column":1},"end":{"line":324,"column":28}},"145":{"start":{"line":328,"column":0},"end":{"line":388,"column":1}},"146":{"start":{"line":329,"column":1},"end":{"line":329,"column":36}},"147":{"start":{"line":330,"column":1},"end":{"line":330,"column":25}},"148":{"start":{"line":331,"column":1},"end":{"line":331,"column":12}},"149":{"start":{"line":333,"column":1},"end":{"line":333,"column":26}},"150":{"start":{"line":335,"column":1},"end":{"line":335,"column":15}},"151":{"start":{"line":336,"column":1},"end":{"line":336,"column":38}},"152":{"start":{"line":337,"column":1},"end":{"line":337,"column":25}},"153":{"start":{"line":338,"column":1},"end":{"line":338,"column":48}},"154":{"start":{"line":340,"column":1},"end":{"line":340,"column":40}},"155":{"start":{"line":341,"column":1},"end":{"line":341,"column":33}},"156":{"start":{"line":342,"column":1},"end":{"line":342,"column":39}},"157":{"start":{"line":343,"column":1},"end":{"line":343,"column":44}},"158":{"start":{"line":344,"column":1},"end":{"line":344,"column":42}},"159":{"start":{"line":345,"column":1},"end":{"line":345,"column":55}},"160":{"start":{"line":348,"column":1},"end":{"line":350,"column":3}},"161":{"start":{"line":349,"column":2},"end":{"line":349,"column":28}},"162":{"start":{"line":352,"column":1},"end":{"line":357,"column":3}},"163":{"start":{"line":353,"column":2},"end":{"line":353,"column":41}},"164":{"start":{"line":354,"column":2},"end":{"line":356,"column":3}},"165":{"start":{"line":355,"column":3},"end":{"line":355,"column":35}},"166":{"start":{"line":359,"column":1},"end":{"line":372,"column":3}},"167":{"start":{"line":360,"column":2},"end":{"line":360,"column":18}},"168":{"start":{"line":361,"column":2},"end":{"line":370,"column":5}},"169":{"start":{"line":362,"column":3},"end":{"line":369,"column":4}},"170":{"start":{"line":363,"column":4},"end":{"line":363,"column":25}},"171":{"start":{"line":364,"column":4},"end":{"line":366,"column":5}},"172":{"start":{"line":365,"column":5},"end":{"line":365,"column":19}},"173":{"start":{"line":368,"column":4},"end":{"line":368,"column":60}},"174":{"start":{"line":371,"column":2},"end":{"line":371,"column":14}},"175":{"start":{"line":374,"column":1},"end":{"line":376,"column":3}},"176":{"start":{"line":375,"column":2},"end":{"line":375,"column":28}},"177":{"start":{"line":378,"column":1},"end":{"line":385,"column":3}},"178":{"start":{"line":379,"column":2},"end":{"line":384,"column":4}},"179":{"start":{"line":387,"column":1},"end":{"line":387,"column":28}},"180":{"start":{"line":391,"column":0},"end":{"line":475,"column":2}},"181":{"start":{"line":392,"column":1},"end":{"line":392,"column":23}},"182":{"start":{"line":393,"column":1},"end":{"line":393,"column":16}},"183":{"start":{"line":394,"column":1},"end":{"line":394,"column":17}},"184":{"start":{"line":395,"column":1},"end":{"line":395,"column":17}},"185":{"start":{"line":397,"column":1},"end":{"line":406,"column":2}},"186":{"start":{"line":398,"column":2},"end":{"line":405,"column":4}},"187":{"start":{"line":408,"column":1},"end":{"line":410,"column":2}},"188":{"start":{"line":409,"column":2},"end":{"line":409,"column":42}},"189":{"start":{"line":412,"column":1},"end":{"line":417,"column":2}},"190":{"start":{"line":413,"column":2},"end":{"line":413,"column":75}},"191":{"start":{"line":414,"column":2},"end":{"line":416,"column":3}},"192":{"start":{"line":415,"column":3},"end":{"line":415,"column":28}},"193":{"start":{"line":419,"column":1},"end":{"line":421,"column":2}},"194":{"start":{"line":420,"column":2},"end":{"line":420,"column":17}},"195":{"start":{"line":423,"column":1},"end":{"line":454,"column":3}},"196":{"start":{"line":424,"column":2},"end":{"line":424,"column":39}},"197":{"start":{"line":427,"column":2},"end":{"line":427,"column":108}},"198":{"start":{"line":430,"column":2},"end":{"line":430,"column":18}},"199":{"start":{"line":431,"column":2},"end":{"line":434,"column":3}},"200":{"start":{"line":432,"column":3},"end":{"line":432,"column":54}},"201":{"start":{"line":433,"column":3},"end":{"line":433,"column":10}},"202":{"start":{"line":437,"column":2},"end":{"line":437,"column":33}},"203":{"start":{"line":439,"column":2},"end":{"line":442,"column":3}},"204":{"start":{"line":440,"column":3},"end":{"line":440,"column":48}},"205":{"start":{"line":441,"column":3},"end":{"line":441,"column":10}},"206":{"start":{"line":445,"column":2},"end":{"line":445,"column":49}},"207":{"start":{"line":448,"column":3},"end":{"line":448,"column":49}},"208":{"start":{"line":449,"column":3},"end":{"line":449,"column":18}},"209":{"start":{"line":450,"column":3},"end":{"line":450,"column":48}},"210":{"start":{"line":453,"column":2},"end":{"line":453,"column":24}},"211":{"start":{"line":456,"column":1},"end":{"line":472,"column":3}},"212":{"start":{"line":457,"column":2},"end":{"line":457,"column":37}},"213":{"start":{"line":459,"column":2},"end":{"line":459,"column":35}},"214":{"start":{"line":462,"column":3},"end":{"line":462,"column":49}},"215":{"start":{"line":463,"column":3},"end":{"line":463,"column":60}},"216":{"start":{"line":466,"column":3},"end":{"line":466,"column":34}},"217":{"start":{"line":469,"column":2},"end":{"line":469,"column":13}},"218":{"start":{"line":470,"column":2},"end":{"line":470,"column":14}},"219":{"start":{"line":471,"column":2},"end":{"line":471,"column":13}},"220":{"start":{"line":474,"column":1},"end":{"line":474,"column":28}}},"branchMap":{"1":{"line":21,"type":"if","locations":[{"start":{"line":21,"column":2},"end":{"line":21,"column":2}},{"start":{"line":21,"column":2},"end":{"line":21,"column":2}}]},"2":{"line":24,"type":"if","locations":[{"start":{"line":24,"column":7},"end":{"line":24,"column":7}},{"start":{"line":24,"column":7},"end":{"line":24,"column":7}}]},"3":{"line":54,"type":"if","locations":[{"start":{"line":54,"column":2},"end":{"line":54,"column":2}},{"start":{"line":54,"column":2},"end":{"line":54,"column":2}}]},"4":{"line":60,"type":"if","locations":[{"start":{"line":60,"column":2},"end":{"line":60,"column":2}},{"start":{"line":60,"column":2},"end":{"line":60,"column":2}}]},"5":{"line":65,"type":"if","locations":[{"start":{"line":65,"column":7},"end":{"line":65,"column":7}},{"start":{"line":65,"column":7},"end":{"line":65,"column":7}}]},"6":{"line":68,"type":"if","locations":[{"start":{"line":68,"column":7},"end":{"line":68,"column":7}},{"start":{"line":68,"column":7},"end":{"line":68,"column":7}}]},"7":{"line":71,"type":"if","locations":[{"start":{"line":71,"column":4},"end":{"line":71,"column":4}},{"start":{"line":71,"column":4},"end":{"line":71,"column":4}}]},"8":{"line":83,"type":"if","locations":[{"start":{"line":83,"column":7},"end":{"line":83,"column":7}},{"start":{"line":83,"column":7},"end":{"line":83,"column":7}}]},"9":{"line":155,"type":"if","locations":[{"start":{"line":155,"column":2},"end":{"line":155,"column":2}},{"start":{"line":155,"column":2},"end":{"line":155,"column":2}}]},"10":{"line":175,"type":"if","locations":[{"start":{"line":175,"column":2},"end":{"line":175,"column":2}},{"start":{"line":175,"column":2},"end":{"line":175,"column":2}}]},"11":{"line":182,"type":"if","locations":[{"start":{"line":182,"column":2},"end":{"line":182,"column":2}},{"start":{"line":182,"column":2},"end":{"line":182,"column":2}}]},"12":{"line":189,"type":"if","locations":[{"start":{"line":189,"column":2},"end":{"line":189,"column":2}},{"start":{"line":189,"column":2},"end":{"line":189,"column":2}}]},"13":{"line":196,"type":"if","locations":[{"start":{"line":196,"column":2},"end":{"line":196,"column":2}},{"start":{"line":196,"column":2},"end":{"line":196,"column":2}}]},"14":{"line":354,"type":"if","locations":[{"start":{"line":354,"column":2},"end":{"line":354,"column":2}},{"start":{"line":354,"column":2},"end":{"line":354,"column":2}}]},"15":{"line":364,"type":"if","locations":[{"start":{"line":364,"column":4},"end":{"line":364,"column":4}},{"start":{"line":364,"column":4},"end":{"line":364,"column":4}}]},"16":{"line":364,"type":"binary-expr","locations":[{"start":{"line":364,"column":8},"end":{"line":364,"column":14}},{"start":{"line":364,"column":20},"end":{"line":364,"column":24}},{"start":{"line":364,"column":28},"end":{"line":364,"column":59}},{"start":{"line":364,"column":64},"end":{"line":364,"column":69}}]},"17":{"line":392,"type":"binary-expr","locations":[{"start":{"line":392,"column":12},"end":{"line":392,"column":16}},{"start":{"line":392,"column":20},"end":{"line":392,"column":22}}]},"18":{"line":409,"type":"cond-expr","locations":[{"start":{"line":409,"column":16},"end":{"line":409,"column":34}},{"start":{"line":409,"column":37},"end":{"line":409,"column":41}}]},"19":{"line":414,"type":"if","locations":[{"start":{"line":414,"column":2},"end":{"line":414,"column":2}},{"start":{"line":414,"column":2},"end":{"line":414,"column":2}}]},"20":{"line":431,"type":"if","locations":[{"start":{"line":431,"column":2},"end":{"line":431,"column":2}},{"start":{"line":431,"column":2},"end":{"line":431,"column":2}}]},"21":{"line":439,"type":"if","locations":[{"start":{"line":439,"column":2},"end":{"line":439,"column":2}},{"start":{"line":439,"column":2},"end":{"line":439,"column":2}}]}}}}