{"/home/rako/work/middleware/tool/tac/packages/network/src/main.js":{"path":"/home/rako/work/middleware/tool/tac/packages/network/src/main.js","s":{"1":1,"2":1,"3":1,"4":27,"5":27,"6":27,"7":14,"8":27,"9":27,"10":27,"11":1,"12":27,"13":27,"14":2,"15":27,"16":2,"17":27,"18":27,"19":3,"20":27,"21":27,"22":5,"23":27,"24":27,"25":1,"26":27,"27":27,"28":1,"29":27,"30":27,"31":12,"32":27,"33":27,"34":3,"35":27,"36":27,"37":2,"38":27,"39":1,"40":27,"41":1,"42":29,"43":29,"44":29,"45":30,"46":30,"47":29,"48":30,"49":30,"50":29,"51":1},"b":{"1":[29,1]},"f":{"1":27,"2":14,"3":1,"4":2,"5":2,"6":3,"7":5,"8":1,"9":1,"10":12,"11":3,"12":2,"13":1,"14":29,"15":30,"16":30},"fnMap":{"1":{"name":"NetworkApi","line":6,"loc":{"start":{"line":6,"column":0},"end":{"line":6,"column":26}}},"2":{"name":"(anonymous_2)","line":33,"loc":{"start":{"line":33,"column":11},"end":{"line":33,"column":38}}},"3":{"name":"(anonymous_3)","line":39,"loc":{"start":{"line":39,"column":13},"end":{"line":39,"column":40}}},"4":{"name":"(anonymous_4)","line":44,"loc":{"start":{"line":44,"column":23},"end":{"line":44,"column":50}}},"5":{"name":"(anonymous_5)","line":49,"loc":{"start":{"line":49,"column":20},"end":{"line":49,"column":35}}},"6":{"name":"(anonymous_6)","line":55,"loc":{"start":{"line":55,"column":25},"end":{"line":55,"column":40}}},"7":{"name":"(anonymous_7)","line":61,"loc":{"start":{"line":61,"column":22},"end":{"line":61,"column":45}}},"8":{"name":"(anonymous_8)","line":67,"loc":{"start":{"line":67,"column":23},"end":{"line":67,"column":38}}},"9":{"name":"(anonymous_9)","line":73,"loc":{"start":{"line":73,"column":20},"end":{"line":73,"column":35}}},"10":{"name":"(anonymous_10)","line":79,"loc":{"start":{"line":79,"column":20},"end":{"line":79,"column":41}}},"11":{"name":"(anonymous_11)","line":85,"loc":{"start":{"line":85,"column":23},"end":{"line":85,"column":50}}},"12":{"name":"(anonymous_12)","line":90,"loc":{"start":{"line":90,"column":20},"end":{"line":90,"column":31}}},"13":{"name":"(anonymous_13)","line":94,"loc":{"start":{"line":94,"column":18},"end":{"line":94,"column":29}}},"14":{"name":"Network","line":118,"loc":{"start":{"line":118,"column":0},"end":{"line":118,"column":19}}},"15":{"name":"(anonymous_15)","line":122,"loc":{"start":{"line":122,"column":16},"end":{"line":122,"column":29}}},"16":{"name":"(anonymous_16)","line":127,"loc":{"start":{"line":127,"column":15},"end":{"line":127,"column":28}}}},"statementMap":{"1":{"start":{"line":3,"column":0},"end":{"line":3,"column":31}},"2":{"start":{"line":4,"column":0},"end":{"line":4,"column":39}},"3":{"start":{"line":6,"column":0},"end":{"line":115,"column":1}},"4":{"start":{"line":9,"column":1},"end":{"line":9,"column":17}},"5":{"start":{"line":12,"column":1},"end":{"line":12,"column":14}},"6":{"start":{"line":33,"column":1},"end":{"line":35,"column":3}},"7":{"start":{"line":34,"column":2},"end":{"line":34,"column":26}},"8":{"start":{"line":36,"column":1},"end":{"line":36,"column":25}},"9":{"start":{"line":37,"column":1},"end":{"line":37,"column":48}},"10":{"start":{"line":39,"column":1},"end":{"line":41,"column":3}},"11":{"start":{"line":40,"column":2},"end":{"line":40,"column":28}},"12":{"start":{"line":42,"column":1},"end":{"line":42,"column":27}},"13":{"start":{"line":44,"column":1},"end":{"line":46,"column":3}},"14":{"start":{"line":45,"column":2},"end":{"line":45,"column":38}},"15":{"start":{"line":49,"column":1},"end":{"line":51,"column":3}},"16":{"start":{"line":50,"column":2},"end":{"line":50,"column":25}},"17":{"start":{"line":52,"column":1},"end":{"line":52,"column":33}},"18":{"start":{"line":55,"column":1},"end":{"line":57,"column":3}},"19":{"start":{"line":56,"column":2},"end":{"line":56,"column":30}},"20":{"start":{"line":58,"column":1},"end":{"line":58,"column":38}},"21":{"start":{"line":61,"column":1},"end":{"line":63,"column":3}},"22":{"start":{"line":62,"column":2},"end":{"line":62,"column":35}},"23":{"start":{"line":64,"column":1},"end":{"line":64,"column":35}},"24":{"start":{"line":67,"column":1},"end":{"line":69,"column":3}},"25":{"start":{"line":68,"column":2},"end":{"line":68,"column":28}},"26":{"start":{"line":70,"column":1},"end":{"line":70,"column":36}},"27":{"start":{"line":73,"column":1},"end":{"line":75,"column":3}},"28":{"start":{"line":74,"column":2},"end":{"line":74,"column":25}},"29":{"start":{"line":76,"column":1},"end":{"line":76,"column":33}},"30":{"start":{"line":79,"column":1},"end":{"line":81,"column":3}},"31":{"start":{"line":80,"column":2},"end":{"line":80,"column":31}},"32":{"start":{"line":82,"column":1},"end":{"line":82,"column":33}},"33":{"start":{"line":85,"column":1},"end":{"line":87,"column":3}},"34":{"start":{"line":86,"column":2},"end":{"line":86,"column":40}},"35":{"start":{"line":88,"column":1},"end":{"line":88,"column":36}},"36":{"start":{"line":90,"column":8},"end":{"line":92,"column":10}},"37":{"start":{"line":91,"column":16},"end":{"line":91,"column":40}},"38":{"start":{"line":94,"column":1},"end":{"line":112,"column":3}},"39":{"start":{"line":95,"column":2},"end":{"line":111,"column":4}},"40":{"start":{"line":114,"column":1},"end":{"line":114,"column":13}},"41":{"start":{"line":118,"column":0},"end":{"line":133,"column":1}},"42":{"start":{"line":119,"column":1},"end":{"line":119,"column":18}},"43":{"start":{"line":120,"column":1},"end":{"line":120,"column":23}},"44":{"start":{"line":122,"column":1},"end":{"line":125,"column":3}},"45":{"start":{"line":123,"column":2},"end":{"line":123,"column":28}},"46":{"start":{"line":124,"column":2},"end":{"line":124,"column":29}},"47":{"start":{"line":127,"column":1},"end":{"line":130,"column":3}},"48":{"start":{"line":128,"column":2},"end":{"line":128,"column":13}},"49":{"start":{"line":129,"column":2},"end":{"line":129,"column":16}},"50":{"start":{"line":132,"column":1},"end":{"line":132,"column":28}},"51":{"start":{"line":135,"column":0},"end":{"line":135,"column":25}}},"branchMap":{"1":{"line":120,"type":"binary-expr","locations":[{"start":{"line":120,"column":12},"end":{"line":120,"column":16}},{"start":{"line":120,"column":20},"end":{"line":120,"column":22}}]}}},"/home/rako/work/middleware/tool/tac/packages/network/src/impl/nm.js":{"path":"/home/rako/work/middleware/tool/tac/packages/network/src/impl/nm.js","s":{"1":1,"2":1,"3":1,"4":1,"5":1,"6":1,"7":1,"8":1,"9":1,"10":1,"11":1,"12":1,"13":1,"14":1,"15":1,"16":1,"17":1,"18":1,"19":1,"20":1,"21":1,"22":1,"23":1,"24":1,"25":1,"26":1,"27":1,"28":1,"29":1,"30":1,"31":1,"32":1,"33":1,"34":1,"35":1,"36":1,"37":1,"38":1,"39":1,"40":1,"41":1,"42":1,"43":1,"44":1,"45":1,"46":1,"47":1,"48":1,"49":1,"50":1,"51":1,"52":1,"53":1,"54":1,"55":1,"56":1,"57":1,"58":30,"59":30,"60":30,"61":30,"62":30,"63":30,"64":30,"65":1,"66":20,"67":1,"68":54,"69":54,"70":216,"71":216,"72":54,"73":1,"74":20,"75":1,"76":20,"77":1,"78":39,"79":1,"80":138,"81":1,"82":20,"83":20,"84":1,"85":26,"86":1,"87":20,"88":20,"89":20,"90":20,"91":2,"92":2,"93":18,"94":18,"95":18,"96":18,"97":18,"98":18,"99":18,"100":1,"101":20,"102":20,"103":20,"104":20,"105":20,"106":20,"107":20,"108":20,"109":20,"110":20,"111":20,"112":20,"113":20,"114":20,"115":18,"116":18,"117":18,"118":20,"119":15,"120":15,"121":20,"122":20,"123":1,"124":7,"125":7,"126":7,"127":1,"128":7,"129":7,"130":1,"131":32,"132":32,"133":9,"134":9,"135":23,"136":1,"137":9,"138":1,"139":40,"140":1,"141":13,"142":13,"143":39,"144":39,"145":26,"146":13,"147":13,"148":13,"149":13,"150":1,"151":70,"152":70,"153":70,"154":70,"155":1,"156":11,"157":1,"158":29,"159":29,"160":29,"161":29,"162":29,"163":29,"164":29,"165":29,"166":18,"167":18,"168":29,"169":1,"170":10,"171":10,"172":1,"173":11,"174":11,"175":11,"176":55,"177":55,"178":11,"179":44,"180":11,"181":1,"182":10,"183":10,"184":50,"185":10,"186":1,"187":1,"188":9,"189":9,"190":1,"191":11,"192":11,"193":21,"194":11,"195":10,"196":10,"197":1,"198":9,"199":9,"200":9,"201":3,"202":3,"203":3,"204":2,"205":1,"206":9,"207":1,"208":9,"209":9,"210":9,"211":9,"212":9,"213":1,"214":1,"215":1,"216":1,"217":2,"218":2,"219":2,"220":2,"221":2,"222":58,"223":2,"224":1,"225":2,"226":2,"227":2,"228":2,"229":1,"230":1,"231":1,"232":1,"233":2,"234":2,"235":2,"236":2,"237":1,"238":10,"239":9,"240":9,"241":1,"242":4,"243":4,"244":3,"245":3,"246":2,"247":2,"248":2,"249":1,"250":1,"251":1,"252":7,"253":5,"254":5,"255":1,"256":59,"257":59,"258":1,"259":8,"260":8,"261":8,"262":1,"263":58,"264":58,"265":1,"266":102,"267":48,"268":48,"269":1,"270":204,"271":204,"272":30,"273":2,"274":2,"275":30,"276":30,"277":3,"278":3,"279":30,"280":30,"281":5,"282":5,"283":5,"284":5,"285":5,"286":5,"287":30,"288":30,"289":1,"290":1,"291":30,"292":30,"293":1,"294":5,"295":1,"296":30,"297":30,"298":12,"299":12,"300":2,"301":10,"302":12,"303":9,"304":3,"305":3,"306":3,"307":3,"308":30,"309":30,"310":3,"311":3,"312":3,"313":2,"314":3,"315":2,"316":2,"317":2,"318":1,"319":1,"320":1,"321":30,"322":30,"323":2,"324":30,"325":30,"326":30,"327":30,"328":30,"329":30,"330":1,"331":1,"332":29,"333":29,"334":29,"335":29,"336":1,"337":1,"338":28,"339":28,"340":28,"341":28,"342":1,"343":1,"344":27,"345":27,"346":102,"347":102,"348":102,"349":0,"350":102,"351":102,"352":102,"353":27,"354":0,"355":30,"356":30,"357":30,"358":30,"359":30,"360":30,"361":29,"362":29,"363":30,"364":30,"365":29,"366":30,"367":102,"368":102,"369":102,"370":30,"371":30,"372":30,"373":1,"374":1},"b":{"1":[20,20],"2":[2,18],"3":[18,2],"4":[15,5],"5":[9,23],"6":[26,13],"7":[13,0],"8":[18,11],"9":[1,9],"10":[10,1],"11":[3,6],"12":[2,1],"13":[3,1],"14":[2,1],"15":[5,2],"16":[7,5,4],"17":[5,0],"18":[2,10],"19":[2,1],"20":[2,1],"21":[1,29],"22":[1,28],"23":[1,27],"24":[0,102],"25":[29,1],"26":[29,1],"27":[102,0]},"f":{"1":30,"2":20,"3":54,"4":20,"5":20,"6":39,"7":138,"8":20,"9":20,"10":26,"11":20,"12":2,"13":18,"14":18,"15":18,"16":20,"17":20,"18":20,"19":20,"20":20,"21":20,"22":15,"23":20,"24":7,"25":7,"26":7,"27":7,"28":32,"29":32,"30":9,"31":9,"32":40,"33":13,"34":39,"35":39,"36":13,"37":13,"38":13,"39":70,"40":70,"41":11,"42":29,"43":29,"44":10,"45":10,"46":11,"47":11,"48":55,"49":55,"50":11,"51":44,"52":10,"53":10,"54":50,"55":11,"56":11,"57":21,"58":9,"59":9,"60":9,"61":1,"62":2,"63":58,"64":2,"65":2,"66":1,"67":2,"68":2,"69":2,"70":10,"71":9,"72":9,"73":4,"74":2,"75":7,"76":5,"77":59,"78":8,"79":8,"80":58,"81":102,"82":48,"83":204,"84":2,"85":2,"86":3,"87":3,"88":5,"89":5,"90":5,"91":5,"92":1,"93":1,"94":1,"95":5,"96":1,"97":12,"98":9,"99":3,"100":3,"101":3,"102":3,"103":2,"104":2,"105":1,"106":2,"107":30,"108":30,"109":29,"110":29,"111":28,"112":102,"113":102,"114":102,"115":27,"116":0,"117":30,"118":30,"119":30,"120":102,"121":102,"122":30,"123":30},"fnMap":{"1":{"name":"NetworkManagerImpl","line":88,"loc":{"start":{"line":88,"column":0},"end":{"line":88,"column":30}}},"2":{"name":"getConnection","line":100,"loc":{"start":{"line":100,"column":1},"end":{"line":100,"column":26}}},"3":{"name":"int2ip","line":114,"loc":{"start":{"line":114,"column":1},"end":{"line":114,"column":24}}},"4":{"name":"capitalize","line":123,"loc":{"start":{"line":123,"column":1},"end":{"line":123,"column":26}}},"5":{"name":"getDeviceMac","line":128,"loc":{"start":{"line":128,"column":1},"end":{"line":128,"column":39}}},"6":{"name":"getDeviceManaged","line":132,"loc":{"start":{"line":132,"column":1},"end":{"line":132,"column":37}}},"7":{"name":"getDeviceInterface","line":136,"loc":{"start":{"line":136,"column":1},"end":{"line":136,"column":39}}},"8":{"name":"getDeviceState","line":140,"loc":{"start":{"line":140,"column":1},"end":{"line":140,"column":35}}},"9":{"name":"(anonymous_9)","line":142,"loc":{"start":{"line":142,"column":9},"end":{"line":142,"column":26}}},"10":{"name":"getDeviceWirelessDetails","line":147,"loc":{"start":{"line":147,"column":1},"end":{"line":147,"column":45}}},"11":{"name":"getIP4ConfigDetails","line":152,"loc":{"start":{"line":152,"column":1},"end":{"line":152,"column":37}}},"12":{"name":"(anonymous_12)","line":157,"loc":{"start":{"line":157,"column":24},"end":{"line":157,"column":42}}},"13":{"name":"(anonymous_13)","line":162,"loc":{"start":{"line":162,"column":9},"end":{"line":162,"column":31}}},"14":{"name":"(anonymous_14)","line":163,"loc":{"start":{"line":163,"column":32},"end":{"line":163,"column":58}}},"15":{"name":"(anonymous_15)","line":170,"loc":{"start":{"line":170,"column":34},"end":{"line":170,"column":50}}},"16":{"name":"getConnectionDetails","line":178,"loc":{"start":{"line":178,"column":1},"end":{"line":178,"column":39}}},"17":{"name":"(anonymous_17)","line":180,"loc":{"start":{"line":180,"column":9},"end":{"line":180,"column":33}}},"18":{"name":"(anonymous_18)","line":187,"loc":{"start":{"line":187,"column":10},"end":{"line":187,"column":27}}},"19":{"name":"(anonymous_19)","line":191,"loc":{"start":{"line":191,"column":10},"end":{"line":191,"column":29}}},"20":{"name":"(anonymous_20)","line":195,"loc":{"start":{"line":195,"column":10},"end":{"line":195,"column":29}}},"21":{"name":"(anonymous_21)","line":199,"loc":{"start":{"line":199,"column":10},"end":{"line":199,"column":33}}},"22":{"name":"(anonymous_22)","line":208,"loc":{"start":{"line":208,"column":11},"end":{"line":208,"column":34}}},"23":{"name":"(anonymous_23)","line":213,"loc":{"start":{"line":213,"column":10},"end":{"line":213,"column":21}}},"24":{"name":"getActiveConnectionDevice","line":220,"loc":{"start":{"line":220,"column":1},"end":{"line":220,"column":44}}},"25":{"name":"(anonymous_25)","line":222,"loc":{"start":{"line":222,"column":9},"end":{"line":222,"column":30}}},"26":{"name":"getNetworkManagerIsConnected","line":229,"loc":{"start":{"line":229,"column":1},"end":{"line":229,"column":41}}},"27":{"name":"(anonymous_27)","line":231,"loc":{"start":{"line":231,"column":9},"end":{"line":231,"column":26}}},"28":{"name":"getNetworkManagerPrimaryConnection","line":236,"loc":{"start":{"line":236,"column":1},"end":{"line":236,"column":47}}},"29":{"name":"(anonymous_29)","line":238,"loc":{"start":{"line":238,"column":9},"end":{"line":238,"column":39}}},"30":{"name":"(anonymous_30)","line":241,"loc":{"start":{"line":241,"column":11},"end":{"line":241,"column":41}}},"31":{"name":"getNetworkManagerActiveConnections","line":250,"loc":{"start":{"line":250,"column":1},"end":{"line":250,"column":47}}},"32":{"name":"getNetworkManagerDevices","line":255,"loc":{"start":{"line":255,"column":1},"end":{"line":255,"column":37}}},"33":{"name":"getNetworkManagerWirelessDevices","line":259,"loc":{"start":{"line":259,"column":1},"end":{"line":259,"column":45}}},"34":{"name":"(anonymous_34)","line":262,"loc":{"start":{"line":262,"column":8},"end":{"line":262,"column":24}}},"35":{"name":"(anonymous_35)","line":264,"loc":{"start":{"line":264,"column":10},"end":{"line":264,"column":32}}},"36":{"name":"(anonymous_36)","line":267,"loc":{"start":{"line":267,"column":12},"end":{"line":267,"column":32}}},"37":{"name":"(anonymous_37)","line":270,"loc":{"start":{"line":270,"column":8},"end":{"line":270,"column":19}}},"38":{"name":"(anonymous_38)","line":276,"loc":{"start":{"line":276,"column":9},"end":{"line":276,"column":20}}},"39":{"name":"getNetworkManagerAccessPointDetails","line":281,"loc":{"start":{"line":281,"column":1},"end":{"line":281,"column":79}}},"40":{"name":"(anonymous_40)","line":283,"loc":{"start":{"line":283,"column":9},"end":{"line":283,"column":34}}},"41":{"name":"getSettingsConnections","line":298,"loc":{"start":{"line":298,"column":1},"end":{"line":298,"column":35}}},"42":{"name":"getSettingsConnectionDetails","line":308,"loc":{"start":{"line":308,"column":1},"end":{"line":308,"column":47}}},"43":{"name":"(anonymous_43)","line":315,"loc":{"start":{"line":315,"column":9},"end":{"line":315,"column":26}}},"44":{"name":"deleteSettingsConnections","line":330,"loc":{"start":{"line":330,"column":1},"end":{"line":330,"column":51}}},"45":{"name":"(anonymous_45)","line":332,"loc":{"start":{"line":332,"column":21},"end":{"line":332,"column":38}}},"46":{"name":"getWifiFullList","line":343,"loc":{"start":{"line":343,"column":1},"end":{"line":343,"column":28}}},"47":{"name":"(anonymous_47)","line":346,"loc":{"start":{"line":346,"column":8},"end":{"line":346,"column":32}}},"48":{"name":"(anonymous_48)","line":348,"loc":{"start":{"line":348,"column":43},"end":{"line":348,"column":77}}},"49":{"name":"(anonymous_49)","line":350,"loc":{"start":{"line":350,"column":11},"end":{"line":350,"column":33}}},"50":{"name":"(anonymous_50)","line":355,"loc":{"start":{"line":355,"column":9},"end":{"line":355,"column":20}}},"51":{"name":"(anonymous_51)","line":356,"loc":{"start":{"line":356,"column":24},"end":{"line":356,"column":41}}},"52":{"name":"getWifiAP","line":363,"loc":{"start":{"line":363,"column":1},"end":{"line":363,"column":28}}},"53":{"name":"(anonymous_53)","line":365,"loc":{"start":{"line":365,"column":10},"end":{"line":365,"column":31}}},"54":{"name":"(anonymous_54)","line":366,"loc":{"start":{"line":366,"column":38},"end":{"line":366,"column":57}}},"55":{"name":"deleteConnections","line":378,"loc":{"start":{"line":378,"column":1},"end":{"line":378,"column":36}}},"56":{"name":"(anonymous_56)","line":380,"loc":{"start":{"line":380,"column":9},"end":{"line":380,"column":30}}},"57":{"name":"(anonymous_57)","line":381,"loc":{"start":{"line":381,"column":41},"end":{"line":381,"column":61}}},"58":{"name":"getConnectionParams","line":391,"loc":{"start":{"line":391,"column":1},"end":{"line":391,"column":67}}},"59":{"name":"createConnection","line":417,"loc":{"start":{"line":417,"column":1},"end":{"line":417,"column":66}}},"60":{"name":"(anonymous_60)","line":423,"loc":{"start":{"line":423,"column":10},"end":{"line":423,"column":26}}},"61":{"name":"(anonymous_61)","line":434,"loc":{"start":{"line":434,"column":11},"end":{"line":434,"column":28}}},"62":{"name":"getHiddenConnectionParams","line":442,"loc":{"start":{"line":442,"column":1},"end":{"line":442,"column":59}}},"63":{"name":"(anonymous_63)","line":459,"loc":{"start":{"line":459,"column":46},"end":{"line":459,"column":58}}},"64":{"name":"createHiddenConnection","line":470,"loc":{"start":{"line":470,"column":1},"end":{"line":470,"column":66}}},"65":{"name":"(anonymous_65)","line":475,"loc":{"start":{"line":475,"column":10},"end":{"line":475,"column":26}}},"66":{"name":"(anonymous_66)","line":486,"loc":{"start":{"line":486,"column":11},"end":{"line":486,"column":28}}},"67":{"name":"connectHiddenWifi","line":494,"loc":{"start":{"line":494,"column":1},"end":{"line":494,"column":36}}},"68":{"name":"(anonymous_68)","line":496,"loc":{"start":{"line":496,"column":9},"end":{"line":496,"column":20}}},"69":{"name":"(anonymous_69)","line":498,"loc":{"start":{"line":498,"column":10},"end":{"line":498,"column":38}}},"70":{"name":"connectVisibleWifi","line":505,"loc":{"start":{"line":505,"column":1},"end":{"line":505,"column":37}}},"71":{"name":"(anonymous_71)","line":507,"loc":{"start":{"line":507,"column":9},"end":{"line":507,"column":24}}},"72":{"name":"(anonymous_72)","line":509,"loc":{"start":{"line":509,"column":10},"end":{"line":509,"column":21}}},"73":{"name":"onPropertiesChanged","line":515,"loc":{"start":{"line":515,"column":1},"end":{"line":515,"column":38}}},"74":{"name":"(anonymous_74)","line":521,"loc":{"start":{"line":521,"column":11},"end":{"line":521,"column":49}}},"75":{"name":"onNetworkStateChanged","line":532,"loc":{"start":{"line":532,"column":1},"end":{"line":532,"column":40}}},"76":{"name":"(anonymous_76)","line":535,"loc":{"start":{"line":535,"column":10},"end":{"line":535,"column":34}}},"77":{"name":"getNetworkIface","line":541,"loc":{"start":{"line":541,"column":1},"end":{"line":541,"column":32}}},"78":{"name":"onNewConnection","line":551,"loc":{"start":{"line":551,"column":1},"end":{"line":551,"column":34}}},"79":{"name":"(anonymous_79)","line":553,"loc":{"start":{"line":553,"column":9},"end":{"line":553,"column":39}}},"80":{"name":"getSettingsIface","line":563,"loc":{"start":{"line":563,"column":1},"end":{"line":563,"column":33}}},"81":{"name":"onIfaceStateChanged","line":573,"loc":{"start":{"line":573,"column":1},"end":{"line":573,"column":50}}},"82":{"name":"(anonymous_82)","line":574,"loc":{"start":{"line":574,"column":9},"end":{"line":574,"column":26}}},"83":{"name":"getDeviceIface","line":584,"loc":{"start":{"line":584,"column":1},"end":{"line":584,"column":39}}},"84":{"name":"(anonymous_84)","line":597,"loc":{"start":{"line":597,"column":20},"end":{"line":597,"column":35}}},"85":{"name":"(anonymous_85)","line":599,"loc":{"start":{"line":599,"column":9},"end":{"line":599,"column":26}}},"86":{"name":"(anonymous_86)","line":607,"loc":{"start":{"line":607,"column":25},"end":{"line":607,"column":40}}},"87":{"name":"(anonymous_87)","line":609,"loc":{"start":{"line":609,"column":9},"end":{"line":609,"column":26}}},"88":{"name":"(anonymous_88)","line":617,"loc":{"start":{"line":617,"column":22},"end":{"line":617,"column":45}}},"89":{"name":"(anonymous_89)","line":620,"loc":{"start":{"line":620,"column":8},"end":{"line":620,"column":38}}},"90":{"name":"(anonymous_90)","line":623,"loc":{"start":{"line":623,"column":10},"end":{"line":623,"column":40}}},"91":{"name":"(anonymous_91)","line":629,"loc":{"start":{"line":629,"column":9},"end":{"line":629,"column":21}}},"92":{"name":"(anonymous_92)","line":637,"loc":{"start":{"line":637,"column":23},"end":{"line":637,"column":38}}},"93":{"name":"(anonymous_93)","line":639,"loc":{"start":{"line":639,"column":9},"end":{"line":639,"column":26}}},"94":{"name":"(anonymous_94)","line":647,"loc":{"start":{"line":647,"column":20},"end":{"line":647,"column":35}}},"95":{"name":"(anonymous_95)","line":649,"loc":{"start":{"line":649,"column":8},"end":{"line":649,"column":30}}},"96":{"name":"(anonymous_96)","line":656,"loc":{"start":{"line":656,"column":9},"end":{"line":656,"column":28}}},"97":{"name":"(anonymous_97)","line":664,"loc":{"start":{"line":664,"column":20},"end":{"line":664,"column":41}}},"98":{"name":"(anonymous_98)","line":674,"loc":{"start":{"line":674,"column":15},"end":{"line":674,"column":26}}},"99":{"name":"(anonymous_99)","line":677,"loc":{"start":{"line":677,"column":10},"end":{"line":677,"column":27}}},"100":{"name":"(anonymous_100)","line":691,"loc":{"start":{"line":691,"column":23},"end":{"line":691,"column":50}}},"101":{"name":"(anonymous_101)","line":694,"loc":{"start":{"line":694,"column":8},"end":{"line":694,"column":38}}},"102":{"name":"(anonymous_102)","line":699,"loc":{"start":{"line":699,"column":9},"end":{"line":699,"column":21}}},"103":{"name":"(anonymous_103)","line":702,"loc":{"start":{"line":702,"column":11},"end":{"line":702,"column":41}}},"104":{"name":"(anonymous_104)","line":709,"loc":{"start":{"line":709,"column":12},"end":{"line":709,"column":23}}},"105":{"name":"(anonymous_105)","line":718,"loc":{"start":{"line":718,"column":10},"end":{"line":718,"column":28}}},"106":{"name":"(anonymous_106)","line":724,"loc":{"start":{"line":724,"column":18},"end":{"line":724,"column":29}}},"107":{"name":"(anonymous_107)","line":728,"loc":{"start":{"line":728,"column":13},"end":{"line":728,"column":33}}},"108":{"name":"(anonymous_108)","line":734,"loc":{"start":{"line":734,"column":13},"end":{"line":734,"column":27}}},"109":{"name":"(anonymous_109)","line":740,"loc":{"start":{"line":740,"column":9},"end":{"line":740,"column":47}}},"110":{"name":"(anonymous_110)","line":745,"loc":{"start":{"line":745,"column":19},"end":{"line":745,"column":45}}},"111":{"name":"(anonymous_111)","line":754,"loc":{"start":{"line":754,"column":21},"end":{"line":754,"column":52}}},"112":{"name":"(anonymous_112)","line":763,"loc":{"start":{"line":763,"column":11},"end":{"line":763,"column":28}}},"113":{"name":"(anonymous_113)","line":765,"loc":{"start":{"line":765,"column":13},"end":{"line":765,"column":43}}},"114":{"name":"(anonymous_114)","line":766,"loc":{"start":{"line":766,"column":30},"end":{"line":766,"column":59}}},"115":{"name":"(anonymous_115)","line":776,"loc":{"start":{"line":776,"column":12},"end":{"line":776,"column":24}}},"116":{"name":"(anonymous_116)","line":779,"loc":{"start":{"line":779,"column":15},"end":{"line":779,"column":31}}},"117":{"name":"(anonymous_117)","line":787,"loc":{"start":{"line":787,"column":12},"end":{"line":787,"column":25}}},"118":{"name":"(anonymous_118)","line":791,"loc":{"start":{"line":791,"column":18},"end":{"line":791,"column":44}}},"119":{"name":"(anonymous_119)","line":797,"loc":{"start":{"line":797,"column":20},"end":{"line":797,"column":51}}},"120":{"name":"(anonymous_120)","line":801,"loc":{"start":{"line":801,"column":39},"end":{"line":801,"column":71}}},"121":{"name":"(anonymous_121)","line":802,"loc":{"start":{"line":802,"column":48},"end":{"line":802,"column":77}}},"122":{"name":"(anonymous_122)","line":808,"loc":{"start":{"line":808,"column":11},"end":{"line":808,"column":23}}},"123":{"name":"(anonymous_123)","line":809,"loc":{"start":{"line":809,"column":15},"end":{"line":809,"column":26}}}},"statementMap":{"1":{"start":{"line":3,"column":0},"end":{"line":3,"column":27}},"2":{"start":{"line":4,"column":0},"end":{"line":4,"column":31}},"3":{"start":{"line":5,"column":0},"end":{"line":5,"column":50}},"4":{"start":{"line":6,"column":0},"end":{"line":6,"column":35}},"5":{"start":{"line":7,"column":0},"end":{"line":7,"column":33}},"6":{"start":{"line":8,"column":0},"end":{"line":8,"column":27}},"7":{"start":{"line":10,"column":0},"end":{"line":10,"column":47}},"8":{"start":{"line":11,"column":0},"end":{"line":11,"column":33}},"9":{"start":{"line":14,"column":0},"end":{"line":14,"column":31}},"10":{"start":{"line":15,"column":0},"end":{"line":15,"column":34}},"11":{"start":{"line":16,"column":0},"end":{"line":16,"column":35}},"12":{"start":{"line":19,"column":0},"end":{"line":19,"column":37}},"13":{"start":{"line":22,"column":0},"end":{"line":22,"column":42}},"14":{"start":{"line":24,"column":0},"end":{"line":24,"column":32}},"15":{"start":{"line":25,"column":0},"end":{"line":25,"column":61}},"16":{"start":{"line":26,"column":0},"end":{"line":26,"column":58}},"17":{"start":{"line":27,"column":0},"end":{"line":27,"column":65}},"18":{"start":{"line":28,"column":0},"end":{"line":28,"column":67}},"19":{"start":{"line":29,"column":0},"end":{"line":29,"column":67}},"20":{"start":{"line":30,"column":0},"end":{"line":30,"column":72}},"21":{"start":{"line":31,"column":0},"end":{"line":31,"column":68}},"22":{"start":{"line":32,"column":0},"end":{"line":32,"column":64}},"23":{"start":{"line":33,"column":0},"end":{"line":33,"column":75}},"24":{"start":{"line":34,"column":0},"end":{"line":34,"column":78}},"25":{"start":{"line":35,"column":0},"end":{"line":35,"column":72}},"26":{"start":{"line":36,"column":0},"end":{"line":36,"column":73}},"27":{"start":{"line":37,"column":0},"end":{"line":37,"column":72}},"28":{"start":{"line":38,"column":0},"end":{"line":38,"column":65}},"29":{"start":{"line":39,"column":0},"end":{"line":39,"column":66}},"30":{"start":{"line":40,"column":0},"end":{"line":40,"column":74}},"31":{"start":{"line":41,"column":0},"end":{"line":41,"column":68}},"32":{"start":{"line":42,"column":0},"end":{"line":42,"column":74}},"33":{"start":{"line":43,"column":0},"end":{"line":43,"column":67}},"34":{"start":{"line":44,"column":0},"end":{"line":44,"column":68}},"35":{"start":{"line":45,"column":0},"end":{"line":45,"column":71}},"36":{"start":{"line":46,"column":0},"end":{"line":46,"column":62}},"37":{"start":{"line":47,"column":0},"end":{"line":47,"column":63}},"38":{"start":{"line":48,"column":0},"end":{"line":48,"column":73}},"39":{"start":{"line":49,"column":0},"end":{"line":49,"column":69}},"40":{"start":{"line":50,"column":0},"end":{"line":50,"column":62}},"41":{"start":{"line":51,"column":0},"end":{"line":51,"column":73}},"42":{"start":{"line":52,"column":0},"end":{"line":52,"column":75}},"43":{"start":{"line":53,"column":0},"end":{"line":53,"column":70}},"44":{"start":{"line":54,"column":0},"end":{"line":54,"column":64}},"45":{"start":{"line":55,"column":0},"end":{"line":55,"column":70}},"46":{"start":{"line":56,"column":0},"end":{"line":56,"column":72}},"47":{"start":{"line":57,"column":0},"end":{"line":57,"column":68}},"48":{"start":{"line":58,"column":0},"end":{"line":58,"column":80}},"49":{"start":{"line":59,"column":0},"end":{"line":59,"column":69}},"50":{"start":{"line":60,"column":0},"end":{"line":60,"column":82}},"51":{"start":{"line":61,"column":0},"end":{"line":61,"column":70}},"52":{"start":{"line":62,"column":0},"end":{"line":62,"column":75}},"53":{"start":{"line":63,"column":0},"end":{"line":63,"column":67}},"54":{"start":{"line":64,"column":0},"end":{"line":64,"column":70}},"55":{"start":{"line":66,"column":0},"end":{"line":70,"column":2}},"56":{"start":{"line":72,"column":0},"end":{"line":86,"column":2}},"57":{"start":{"line":88,"column":0},"end":{"line":818,"column":1}},"58":{"start":{"line":89,"column":1},"end":{"line":89,"column":18}},"59":{"start":{"line":90,"column":1},"end":{"line":90,"column":33}},"60":{"start":{"line":91,"column":1},"end":{"line":91,"column":17}},"61":{"start":{"line":92,"column":1},"end":{"line":92,"column":25}},"62":{"start":{"line":95,"column":1},"end":{"line":95,"column":25}},"63":{"start":{"line":96,"column":1},"end":{"line":96,"column":25}},"64":{"start":{"line":97,"column":1},"end":{"line":97,"column":48}},"65":{"start":{"line":100,"column":1},"end":{"line":112,"column":2}},"66":{"start":{"line":101,"column":2},"end":{"line":111,"column":4}},"67":{"start":{"line":114,"column":1},"end":{"line":121,"column":2}},"68":{"start":{"line":115,"column":2},"end":{"line":115,"column":18}},"69":{"start":{"line":116,"column":2},"end":{"line":119,"column":3}},"70":{"start":{"line":117,"column":3},"end":{"line":117,"column":26}},"71":{"start":{"line":118,"column":3},"end":{"line":118,"column":31}},"72":{"start":{"line":120,"column":2},"end":{"line":120,"column":26}},"73":{"start":{"line":123,"column":1},"end":{"line":125,"column":2}},"74":{"start":{"line":124,"column":2},"end":{"line":124,"column":46}},"75":{"start":{"line":128,"column":1},"end":{"line":130,"column":2}},"76":{"start":{"line":129,"column":2},"end":{"line":129,"column":125}},"77":{"start":{"line":132,"column":1},"end":{"line":134,"column":2}},"78":{"start":{"line":133,"column":2},"end":{"line":133,"column":89}},"79":{"start":{"line":136,"column":1},"end":{"line":138,"column":2}},"80":{"start":{"line":137,"column":2},"end":{"line":137,"column":91}},"81":{"start":{"line":140,"column":1},"end":{"line":145,"column":2}},"82":{"start":{"line":141,"column":2},"end":{"line":144,"column":5}},"83":{"start":{"line":143,"column":3},"end":{"line":143,"column":27}},"84":{"start":{"line":147,"column":1},"end":{"line":149,"column":2}},"85":{"start":{"line":148,"column":2},"end":{"line":148,"column":90}},"86":{"start":{"line":152,"column":1},"end":{"line":175,"column":2}},"87":{"start":{"line":153,"column":2},"end":{"line":153,"column":18}},"88":{"start":{"line":154,"column":2},"end":{"line":154,"column":22}},"89":{"start":{"line":155,"column":2},"end":{"line":155,"column":18}},"90":{"start":{"line":156,"column":2},"end":{"line":160,"column":3}},"91":{"start":{"line":157,"column":3},"end":{"line":159,"column":6}},"92":{"start":{"line":158,"column":4},"end":{"line":158,"column":20}},"93":{"start":{"line":161,"column":2},"end":{"line":174,"column":5}},"94":{"start":{"line":163,"column":3},"end":{"line":169,"column":6}},"95":{"start":{"line":164,"column":4},"end":{"line":167,"column":6}},"96":{"start":{"line":168,"column":4},"end":{"line":168,"column":30}},"97":{"start":{"line":170,"column":3},"end":{"line":172,"column":6}},"98":{"start":{"line":171,"column":4},"end":{"line":171,"column":35}},"99":{"start":{"line":173,"column":3},"end":{"line":173,"column":17}},"100":{"start":{"line":178,"column":1},"end":{"line":217,"column":2}},"101":{"start":{"line":179,"column":2},"end":{"line":216,"column":5}},"102":{"start":{"line":181,"column":3},"end":{"line":181,"column":36}},"103":{"start":{"line":182,"column":3},"end":{"line":182,"column":32}},"104":{"start":{"line":183,"column":3},"end":{"line":183,"column":20}},"105":{"start":{"line":184,"column":3},"end":{"line":184,"column":49}},"106":{"start":{"line":185,"column":3},"end":{"line":185,"column":18}},"107":{"start":{"line":186,"column":3},"end":{"line":189,"column":7}},"108":{"start":{"line":188,"column":5},"end":{"line":188,"column":22}},"109":{"start":{"line":190,"column":3},"end":{"line":193,"column":7}},"110":{"start":{"line":192,"column":5},"end":{"line":192,"column":27}},"111":{"start":{"line":194,"column":3},"end":{"line":197,"column":7}},"112":{"start":{"line":196,"column":5},"end":{"line":196,"column":26}},"113":{"start":{"line":198,"column":3},"end":{"line":205,"column":7}},"114":{"start":{"line":200,"column":5},"end":{"line":204,"column":6}},"115":{"start":{"line":201,"column":6},"end":{"line":201,"column":42}},"116":{"start":{"line":202,"column":6},"end":{"line":202,"column":42}},"117":{"start":{"line":203,"column":6},"end":{"line":203,"column":33}},"118":{"start":{"line":206,"column":3},"end":{"line":211,"column":4}},"119":{"start":{"line":207,"column":4},"end":{"line":210,"column":8}},"120":{"start":{"line":209,"column":5},"end":{"line":209,"column":34}},"121":{"start":{"line":212,"column":3},"end":{"line":215,"column":6}},"122":{"start":{"line":214,"column":4},"end":{"line":214,"column":18}},"123":{"start":{"line":220,"column":1},"end":{"line":226,"column":2}},"124":{"start":{"line":221,"column":2},"end":{"line":225,"column":5}},"125":{"start":{"line":223,"column":3},"end":{"line":223,"column":31}},"126":{"start":{"line":224,"column":3},"end":{"line":224,"column":21}},"127":{"start":{"line":229,"column":1},"end":{"line":234,"column":2}},"128":{"start":{"line":230,"column":2},"end":{"line":233,"column":5}},"129":{"start":{"line":232,"column":3},"end":{"line":232,"column":44}},"130":{"start":{"line":236,"column":1},"end":{"line":248,"column":2}},"131":{"start":{"line":237,"column":2},"end":{"line":247,"column":5}},"132":{"start":{"line":239,"column":3},"end":{"line":246,"column":4}},"133":{"start":{"line":240,"column":4},"end":{"line":243,"column":7}},"134":{"start":{"line":242,"column":5},"end":{"line":242,"column":30}},"135":{"start":{"line":245,"column":4},"end":{"line":245,"column":21}},"136":{"start":{"line":250,"column":1},"end":{"line":253,"column":2}},"137":{"start":{"line":251,"column":2},"end":{"line":252,"column":29}},"138":{"start":{"line":255,"column":1},"end":{"line":257,"column":2}},"139":{"start":{"line":256,"column":2},"end":{"line":256,"column":109}},"140":{"start":{"line":259,"column":1},"end":{"line":279,"column":2}},"141":{"start":{"line":260,"column":2},"end":{"line":260,"column":18}},"142":{"start":{"line":261,"column":2},"end":{"line":278,"column":5}},"143":{"start":{"line":263,"column":3},"end":{"line":274,"column":6}},"144":{"start":{"line":265,"column":4},"end":{"line":273,"column":5}},"145":{"start":{"line":266,"column":5},"end":{"line":272,"column":8}},"146":{"start":{"line":268,"column":6},"end":{"line":268,"column":80}},"147":{"start":{"line":269,"column":6},"end":{"line":269,"column":55}},"148":{"start":{"line":271,"column":6},"end":{"line":271,"column":77}},"149":{"start":{"line":277,"column":3},"end":{"line":277,"column":49}},"150":{"start":{"line":281,"column":1},"end":{"line":295,"column":2}},"151":{"start":{"line":282,"column":2},"end":{"line":294,"column":5}},"152":{"start":{"line":284,"column":3},"end":{"line":284,"column":45}},"153":{"start":{"line":285,"column":3},"end":{"line":292,"column":5}},"154":{"start":{"line":293,"column":3},"end":{"line":293,"column":17}},"155":{"start":{"line":298,"column":1},"end":{"line":306,"column":2}},"156":{"start":{"line":299,"column":2},"end":{"line":305,"column":37}},"157":{"start":{"line":308,"column":1},"end":{"line":328,"column":2}},"158":{"start":{"line":309,"column":2},"end":{"line":327,"column":5}},"159":{"start":{"line":316,"column":3},"end":{"line":316,"column":19}},"160":{"start":{"line":317,"column":3},"end":{"line":317,"column":35}},"161":{"start":{"line":318,"column":3},"end":{"line":318,"column":35}},"162":{"start":{"line":319,"column":3},"end":{"line":319,"column":37}},"163":{"start":{"line":320,"column":3},"end":{"line":320,"column":22}},"164":{"start":{"line":321,"column":3},"end":{"line":321,"column":20}},"165":{"start":{"line":322,"column":3},"end":{"line":325,"column":4}},"166":{"start":{"line":323,"column":4},"end":{"line":323,"column":57}},"167":{"start":{"line":324,"column":4},"end":{"line":324,"column":34}},"168":{"start":{"line":326,"column":3},"end":{"line":326,"column":17}},"169":{"start":{"line":330,"column":1},"end":{"line":340,"column":2}},"170":{"start":{"line":331,"column":2},"end":{"line":339,"column":5}},"171":{"start":{"line":333,"column":3},"end":{"line":338,"column":5}},"172":{"start":{"line":343,"column":1},"end":{"line":361,"column":2}},"173":{"start":{"line":344,"column":2},"end":{"line":344,"column":18}},"174":{"start":{"line":345,"column":2},"end":{"line":360,"column":5}},"175":{"start":{"line":347,"column":3},"end":{"line":353,"column":6}},"176":{"start":{"line":349,"column":4},"end":{"line":352,"column":7}},"177":{"start":{"line":351,"column":5},"end":{"line":351,"column":30}},"178":{"start":{"line":356,"column":3},"end":{"line":358,"column":6}},"179":{"start":{"line":357,"column":4},"end":{"line":357,"column":31}},"180":{"start":{"line":359,"column":3},"end":{"line":359,"column":12}},"181":{"start":{"line":363,"column":1},"end":{"line":376,"column":2}},"182":{"start":{"line":364,"column":2},"end":{"line":375,"column":5}},"183":{"start":{"line":366,"column":3},"end":{"line":368,"column":6}},"184":{"start":{"line":367,"column":4},"end":{"line":367,"column":34}},"185":{"start":{"line":369,"column":3},"end":{"line":372,"column":4}},"186":{"start":{"line":370,"column":4},"end":{"line":370,"column":66}},"187":{"start":{"line":371,"column":4},"end":{"line":371,"column":74}},"188":{"start":{"line":373,"column":3},"end":{"line":373,"column":58}},"189":{"start":{"line":374,"column":3},"end":{"line":374,"column":26}},"190":{"start":{"line":378,"column":1},"end":{"line":389,"column":2}},"191":{"start":{"line":379,"column":2},"end":{"line":388,"column":5}},"192":{"start":{"line":381,"column":3},"end":{"line":383,"column":6}},"193":{"start":{"line":382,"column":4},"end":{"line":382,"column":33}},"194":{"start":{"line":384,"column":3},"end":{"line":387,"column":4}},"195":{"start":{"line":385,"column":4},"end":{"line":385,"column":65}},"196":{"start":{"line":386,"column":4},"end":{"line":386,"column":55}},"197":{"start":{"line":391,"column":1},"end":{"line":415,"column":2}},"198":{"start":{"line":392,"column":2},"end":{"line":392,"column":41}},"199":{"start":{"line":393,"column":2},"end":{"line":396,"column":5}},"200":{"start":{"line":398,"column":2},"end":{"line":413,"column":3}},"201":{"start":{"line":399,"column":3},"end":{"line":399,"column":35}},"202":{"start":{"line":400,"column":3},"end":{"line":402,"column":7}},"203":{"start":{"line":403,"column":3},"end":{"line":412,"column":4}},"204":{"start":{"line":404,"column":4},"end":{"line":406,"column":8}},"205":{"start":{"line":408,"column":4},"end":{"line":411,"column":8}},"206":{"start":{"line":414,"column":2},"end":{"line":414,"column":27}},"207":{"start":{"line":417,"column":1},"end":{"line":440,"column":2}},"208":{"start":{"line":418,"column":2},"end":{"line":418,"column":86}},"209":{"start":{"line":419,"column":2},"end":{"line":419,"column":92}},"210":{"start":{"line":420,"column":2},"end":{"line":420,"column":83}},"211":{"start":{"line":422,"column":2},"end":{"line":439,"column":6}},"212":{"start":{"line":424,"column":4},"end":{"line":438,"column":7}},"213":{"start":{"line":435,"column":5},"end":{"line":435,"column":71}},"214":{"start":{"line":436,"column":5},"end":{"line":436,"column":23}},"215":{"start":{"line":437,"column":5},"end":{"line":437,"column":17}},"216":{"start":{"line":442,"column":1},"end":{"line":468,"column":2}},"217":{"start":{"line":443,"column":2},"end":{"line":443,"column":34}},"218":{"start":{"line":444,"column":2},"end":{"line":444,"column":34}},"219":{"start":{"line":445,"column":2},"end":{"line":445,"column":41}},"220":{"start":{"line":446,"column":2},"end":{"line":446,"column":30}},"221":{"start":{"line":447,"column":2},"end":{"line":465,"column":4}},"222":{"start":{"line":459,"column":60},"end":{"line":459,"column":82}},"223":{"start":{"line":467,"column":2},"end":{"line":467,"column":27}},"224":{"start":{"line":470,"column":1},"end":{"line":492,"column":2}},"225":{"start":{"line":471,"column":2},"end":{"line":471,"column":86}},"226":{"start":{"line":472,"column":2},"end":{"line":472,"column":75}},"227":{"start":{"line":474,"column":2},"end":{"line":491,"column":6}},"228":{"start":{"line":476,"column":4},"end":{"line":490,"column":7}},"229":{"start":{"line":487,"column":5},"end":{"line":487,"column":71}},"230":{"start":{"line":488,"column":5},"end":{"line":488,"column":23}},"231":{"start":{"line":489,"column":5},"end":{"line":489,"column":17}},"232":{"start":{"line":494,"column":1},"end":{"line":503,"column":2}},"233":{"start":{"line":495,"column":2},"end":{"line":502,"column":5}},"234":{"start":{"line":497,"column":3},"end":{"line":501,"column":6}},"235":{"start":{"line":499,"column":4},"end":{"line":499,"column":37}},"236":{"start":{"line":500,"column":4},"end":{"line":500,"column":82}},"237":{"start":{"line":505,"column":1},"end":{"line":513,"column":2}},"238":{"start":{"line":506,"column":2},"end":{"line":512,"column":5}},"239":{"start":{"line":508,"column":3},"end":{"line":511,"column":6}},"240":{"start":{"line":510,"column":4},"end":{"line":510,"column":53}},"241":{"start":{"line":515,"column":1},"end":{"line":530,"column":2}},"242":{"start":{"line":516,"column":2},"end":{"line":516,"column":29}},"243":{"start":{"line":517,"column":2},"end":{"line":529,"column":3}},"244":{"start":{"line":518,"column":3},"end":{"line":518,"column":51}},"245":{"start":{"line":519,"column":3},"end":{"line":528,"column":4}},"246":{"start":{"line":520,"column":4},"end":{"line":524,"column":7}},"247":{"start":{"line":522,"column":5},"end":{"line":522,"column":53}},"248":{"start":{"line":523,"column":5},"end":{"line":523,"column":61}},"249":{"start":{"line":526,"column":4},"end":{"line":526,"column":36}},"250":{"start":{"line":527,"column":4},"end":{"line":527,"column":37}},"251":{"start":{"line":532,"column":1},"end":{"line":539,"column":2}},"252":{"start":{"line":533,"column":2},"end":{"line":538,"column":3}},"253":{"start":{"line":534,"column":3},"end":{"line":537,"column":6}},"254":{"start":{"line":536,"column":4},"end":{"line":536,"column":38}},"255":{"start":{"line":541,"column":1},"end":{"line":549,"column":2}},"256":{"start":{"line":542,"column":2},"end":{"line":542,"column":16}},"257":{"start":{"line":543,"column":2},"end":{"line":548,"column":4}},"258":{"start":{"line":551,"column":1},"end":{"line":561,"column":2}},"259":{"start":{"line":552,"column":2},"end":{"line":560,"column":5}},"260":{"start":{"line":554,"column":3},"end":{"line":558,"column":5}},"261":{"start":{"line":559,"column":3},"end":{"line":559,"column":36}},"262":{"start":{"line":563,"column":1},"end":{"line":571,"column":2}},"263":{"start":{"line":564,"column":2},"end":{"line":564,"column":16}},"264":{"start":{"line":565,"column":2},"end":{"line":570,"column":4}},"265":{"start":{"line":573,"column":1},"end":{"line":582,"column":2}},"266":{"start":{"line":574,"column":2},"end":{"line":581,"column":4}},"267":{"start":{"line":575,"column":3},"end":{"line":579,"column":5}},"268":{"start":{"line":580,"column":3},"end":{"line":580,"column":36}},"269":{"start":{"line":584,"column":1},"end":{"line":592,"column":2}},"270":{"start":{"line":585,"column":2},"end":{"line":585,"column":16}},"271":{"start":{"line":586,"column":2},"end":{"line":591,"column":4}},"272":{"start":{"line":597,"column":1},"end":{"line":603,"column":3}},"273":{"start":{"line":598,"column":2},"end":{"line":602,"column":15}},"274":{"start":{"line":600,"column":3},"end":{"line":600,"column":24}},"275":{"start":{"line":604,"column":1},"end":{"line":604,"column":33}},"276":{"start":{"line":607,"column":1},"end":{"line":613,"column":3}},"277":{"start":{"line":608,"column":2},"end":{"line":612,"column":15}},"278":{"start":{"line":610,"column":3},"end":{"line":610,"column":24}},"279":{"start":{"line":614,"column":1},"end":{"line":614,"column":38}},"280":{"start":{"line":617,"column":1},"end":{"line":633,"column":3}},"281":{"start":{"line":618,"column":2},"end":{"line":618,"column":24}},"282":{"start":{"line":619,"column":2},"end":{"line":632,"column":15}},"283":{"start":{"line":621,"column":3},"end":{"line":627,"column":6}},"284":{"start":{"line":624,"column":4},"end":{"line":626,"column":5}},"285":{"start":{"line":625,"column":5},"end":{"line":625,"column":43}},"286":{"start":{"line":630,"column":3},"end":{"line":630,"column":36}},"287":{"start":{"line":634,"column":1},"end":{"line":634,"column":35}},"288":{"start":{"line":637,"column":1},"end":{"line":643,"column":3}},"289":{"start":{"line":638,"column":2},"end":{"line":642,"column":15}},"290":{"start":{"line":640,"column":3},"end":{"line":640,"column":24}},"291":{"start":{"line":644,"column":1},"end":{"line":644,"column":36}},"292":{"start":{"line":647,"column":1},"end":{"line":660,"column":3}},"293":{"start":{"line":648,"column":2},"end":{"line":659,"column":15}},"294":{"start":{"line":650,"column":3},"end":{"line":654,"column":5}},"295":{"start":{"line":657,"column":3},"end":{"line":657,"column":27}},"296":{"start":{"line":661,"column":1},"end":{"line":661,"column":33}},"297":{"start":{"line":664,"column":1},"end":{"line":687,"column":3}},"298":{"start":{"line":665,"column":2},"end":{"line":665,"column":13}},"299":{"start":{"line":668,"column":2},"end":{"line":672,"column":3}},"300":{"start":{"line":669,"column":3},"end":{"line":669,"column":36}},"301":{"start":{"line":671,"column":3},"end":{"line":671,"column":37}},"302":{"start":{"line":674,"column":2},"end":{"line":686,"column":5}},"303":{"start":{"line":675,"column":3},"end":{"line":675,"column":8}},"304":{"start":{"line":678,"column":3},"end":{"line":682,"column":5}},"305":{"start":{"line":683,"column":3},"end":{"line":683,"column":108}},"306":{"start":{"line":684,"column":3},"end":{"line":684,"column":36}},"307":{"start":{"line":685,"column":3},"end":{"line":685,"column":37}},"308":{"start":{"line":688,"column":1},"end":{"line":688,"column":33}},"309":{"start":{"line":691,"column":1},"end":{"line":721,"column":3}},"310":{"start":{"line":692,"column":2},"end":{"line":692,"column":21}},"311":{"start":{"line":693,"column":2},"end":{"line":720,"column":5}},"312":{"start":{"line":695,"column":3},"end":{"line":697,"column":4}},"313":{"start":{"line":696,"column":4},"end":{"line":696,"column":39}},"314":{"start":{"line":700,"column":3},"end":{"line":716,"column":4}},"315":{"start":{"line":701,"column":4},"end":{"line":712,"column":7}},"316":{"start":{"line":703,"column":5},"end":{"line":711,"column":8}},"317":{"start":{"line":710,"column":6},"end":{"line":710,"column":17}},"318":{"start":{"line":714,"column":4},"end":{"line":714,"column":66}},"319":{"start":{"line":715,"column":4},"end":{"line":715,"column":74}},"320":{"start":{"line":719,"column":3},"end":{"line":719,"column":43}},"321":{"start":{"line":722,"column":1},"end":{"line":722,"column":36}},"322":{"start":{"line":724,"column":1},"end":{"line":726,"column":3}},"323":{"start":{"line":725,"column":2},"end":{"line":725,"column":29}},"324":{"start":{"line":728,"column":1},"end":{"line":785,"column":3}},"325":{"start":{"line":729,"column":2},"end":{"line":729,"column":15}},"326":{"start":{"line":730,"column":2},"end":{"line":730,"column":28}},"327":{"start":{"line":733,"column":2},"end":{"line":733,"column":21}},"328":{"start":{"line":734,"column":2},"end":{"line":784,"column":5}},"329":{"start":{"line":735,"column":3},"end":{"line":738,"column":4}},"330":{"start":{"line":736,"column":4},"end":{"line":736,"column":90}},"331":{"start":{"line":737,"column":4},"end":{"line":737,"column":11}},"332":{"start":{"line":739,"column":3},"end":{"line":742,"column":6}},"333":{"start":{"line":741,"column":4},"end":{"line":741,"column":52}},"334":{"start":{"line":745,"column":3},"end":{"line":783,"column":6}},"335":{"start":{"line":746,"column":4},"end":{"line":749,"column":5}},"336":{"start":{"line":747,"column":5},"end":{"line":747,"column":109}},"337":{"start":{"line":748,"column":5},"end":{"line":748,"column":12}},"338":{"start":{"line":751,"column":4},"end":{"line":751,"column":66}},"339":{"start":{"line":752,"column":4},"end":{"line":752,"column":69}},"340":{"start":{"line":754,"column":4},"end":{"line":782,"column":7}},"341":{"start":{"line":755,"column":5},"end":{"line":758,"column":6}},"342":{"start":{"line":756,"column":6},"end":{"line":756,"column":119}},"343":{"start":{"line":757,"column":6},"end":{"line":757,"column":13}},"344":{"start":{"line":760,"column":5},"end":{"line":760,"column":67}},"345":{"start":{"line":762,"column":5},"end":{"line":781,"column":8}},"346":{"start":{"line":764,"column":6},"end":{"line":774,"column":9}},"347":{"start":{"line":766,"column":7},"end":{"line":773,"column":10}},"348":{"start":{"line":767,"column":8},"end":{"line":769,"column":9}},"349":{"start":{"line":768,"column":9},"end":{"line":768,"column":19}},"350":{"start":{"line":770,"column":8},"end":{"line":770,"column":74}},"351":{"start":{"line":771,"column":8},"end":{"line":771,"column":70}},"352":{"start":{"line":772,"column":8},"end":{"line":772,"column":78}},"353":{"start":{"line":778,"column":6},"end":{"line":778,"column":37}},"354":{"start":{"line":780,"column":6},"end":{"line":780,"column":117}},"355":{"start":{"line":787,"column":1},"end":{"line":815,"column":3}},"356":{"start":{"line":788,"column":2},"end":{"line":788,"column":13}},"357":{"start":{"line":789,"column":2},"end":{"line":789,"column":31}},"358":{"start":{"line":790,"column":2},"end":{"line":790,"column":16}},"359":{"start":{"line":791,"column":2},"end":{"line":814,"column":5}},"360":{"start":{"line":792,"column":3},"end":{"line":795,"column":4}},"361":{"start":{"line":793,"column":4},"end":{"line":793,"column":69}},"362":{"start":{"line":794,"column":4},"end":{"line":794,"column":72}},"363":{"start":{"line":797,"column":3},"end":{"line":813,"column":6}},"364":{"start":{"line":798,"column":4},"end":{"line":800,"column":5}},"365":{"start":{"line":799,"column":5},"end":{"line":799,"column":70}},"366":{"start":{"line":801,"column":4},"end":{"line":812,"column":7}},"367":{"start":{"line":802,"column":5},"end":{"line":806,"column":8}},"368":{"start":{"line":803,"column":6},"end":{"line":805,"column":7}},"369":{"start":{"line":804,"column":7},"end":{"line":804,"column":76}},"370":{"start":{"line":809,"column":5},"end":{"line":811,"column":8}},"371":{"start":{"line":810,"column":6},"end":{"line":810,"column":11}},"372":{"start":{"line":817,"column":1},"end":{"line":817,"column":13}},"373":{"start":{"line":819,"column":0},"end":{"line":819,"column":48}},"374":{"start":{"line":821,"column":0},"end":{"line":821,"column":36}}},"branchMap":{"1":{"line":124,"type":"binary-expr","locations":[{"start":{"line":124,"column":9},"end":{"line":124,"column":10}},{"start":{"line":124,"column":14},"end":{"line":124,"column":45}}]},"2":{"line":156,"type":"if","locations":[{"start":{"line":156,"column":2},"end":{"line":156,"column":2}},{"start":{"line":156,"column":2},"end":{"line":156,"column":2}}]},"3":{"line":200,"type":"if","locations":[{"start":{"line":200,"column":5},"end":{"line":200,"column":5}},{"start":{"line":200,"column":5},"end":{"line":200,"column":5}}]},"4":{"line":206,"type":"if","locations":[{"start":{"line":206,"column":3},"end":{"line":206,"column":3}},{"start":{"line":206,"column":3},"end":{"line":206,"column":3}}]},"5":{"line":239,"type":"if","locations":[{"start":{"line":239,"column":3},"end":{"line":239,"column":3}},{"start":{"line":239,"column":3},"end":{"line":239,"column":3}}]},"6":{"line":265,"type":"if","locations":[{"start":{"line":265,"column":4},"end":{"line":265,"column":4}},{"start":{"line":265,"column":4},"end":{"line":265,"column":4}}]},"7":{"line":277,"type":"cond-expr","locations":[{"start":{"line":277,"column":26},"end":{"line":277,"column":39}},{"start":{"line":277,"column":42},"end":{"line":277,"column":48}}]},"8":{"line":322,"type":"if","locations":[{"start":{"line":322,"column":3},"end":{"line":322,"column":3}},{"start":{"line":322,"column":3},"end":{"line":322,"column":3}}]},"9":{"line":369,"type":"if","locations":[{"start":{"line":369,"column":3},"end":{"line":369,"column":3}},{"start":{"line":369,"column":3},"end":{"line":369,"column":3}}]},"10":{"line":384,"type":"if","locations":[{"start":{"line":384,"column":3},"end":{"line":384,"column":3}},{"start":{"line":384,"column":3},"end":{"line":384,"column":3}}]},"11":{"line":398,"type":"if","locations":[{"start":{"line":398,"column":2},"end":{"line":398,"column":2}},{"start":{"line":398,"column":2},"end":{"line":398,"column":2}}]},"12":{"line":403,"type":"if","locations":[{"start":{"line":403,"column":3},"end":{"line":403,"column":3}},{"start":{"line":403,"column":3},"end":{"line":403,"column":3}}]},"13":{"line":517,"type":"if","locations":[{"start":{"line":517,"column":2},"end":{"line":517,"column":2}},{"start":{"line":517,"column":2},"end":{"line":517,"column":2}}]},"14":{"line":519,"type":"if","locations":[{"start":{"line":519,"column":3},"end":{"line":519,"column":3}},{"start":{"line":519,"column":3},"end":{"line":519,"column":3}}]},"15":{"line":533,"type":"if","locations":[{"start":{"line":533,"column":2},"end":{"line":533,"column":2}},{"start":{"line":533,"column":2},"end":{"line":533,"column":2}}]},"16":{"line":533,"type":"binary-expr","locations":[{"start":{"line":533,"column":7},"end":{"line":533,"column":41}},{"start":{"line":533,"column":47},"end":{"line":533,"column":77}},{"start":{"line":533,"column":83},"end":{"line":533,"column":116}}]},"17":{"line":624,"type":"if","locations":[{"start":{"line":624,"column":4},"end":{"line":624,"column":4}},{"start":{"line":624,"column":4},"end":{"line":624,"column":4}}]},"18":{"line":668,"type":"if","locations":[{"start":{"line":668,"column":2},"end":{"line":668,"column":2}},{"start":{"line":668,"column":2},"end":{"line":668,"column":2}}]},"19":{"line":695,"type":"if","locations":[{"start":{"line":695,"column":3},"end":{"line":695,"column":3}},{"start":{"line":695,"column":3},"end":{"line":695,"column":3}}]},"20":{"line":700,"type":"if","locations":[{"start":{"line":700,"column":3},"end":{"line":700,"column":3}},{"start":{"line":700,"column":3},"end":{"line":700,"column":3}}]},"21":{"line":735,"type":"if","locations":[{"start":{"line":735,"column":3},"end":{"line":735,"column":3}},{"start":{"line":735,"column":3},"end":{"line":735,"column":3}}]},"22":{"line":746,"type":"if","locations":[{"start":{"line":746,"column":4},"end":{"line":746,"column":4}},{"start":{"line":746,"column":4},"end":{"line":746,"column":4}}]},"23":{"line":755,"type":"if","locations":[{"start":{"line":755,"column":5},"end":{"line":755,"column":5}},{"start":{"line":755,"column":5},"end":{"line":755,"column":5}}]},"24":{"line":767,"type":"if","locations":[{"start":{"line":767,"column":8},"end":{"line":767,"column":8}},{"start":{"line":767,"column":8},"end":{"line":767,"column":8}}]},"25":{"line":792,"type":"if","locations":[{"start":{"line":792,"column":3},"end":{"line":792,"column":3}},{"start":{"line":792,"column":3},"end":{"line":792,"column":3}}]},"26":{"line":798,"type":"if","locations":[{"start":{"line":798,"column":4},"end":{"line":798,"column":4}},{"start":{"line":798,"column":4},"end":{"line":798,"column":4}}]},"27":{"line":803,"type":"if","locations":[{"start":{"line":803,"column":6},"end":{"line":803,"column":6}},{"start":{"line":803,"column":6},"end":{"line":803,"column":6}}]}}}}